*** Using Compiler 'V5.06 (build 20)', folder: 'E:\keil\ARM\ARMCC\Bin'
Build target 'NVIC'
assembling startup_stm32f103xe.s...
compiling main.c...
../Core/Src/main.c(100): error:  #65: expected a ";"
  {
../Core/Src/main.c(113): warning:  #12-D: parsing restarts here after previous syntax error
    }
../Core/Src/main.c: 1 warning, 1 error
compiling stm32f1xx_it.c...
compiling gpio.c...
compiling stm32f1xx_hal_gpio_ex.c...
compiling stm32f1xx_hal_tim_ex.c...
compiling stm32f1xx_hal_tim.c...
compiling stm32f1xx_hal_msp.c...
compiling stm32f1xx_hal_cortex.c...
compiling stm32f1xx_hal_rcc_ex.c...
compiling stm32f1xx_hal_pwr.c...
compiling stm32f1xx_hal_gpio.c...
compiling stm32f1xx_hal.c...
compiling stm32f1xx_hal_dma.c...
compiling stm32f1xx_hal_rcc.c...
compiling stm32f1xx_hal_flash.c...
compiling system_stm32f1xx.c...
compiling stm32f1xx_hal_flash_ex.c...
compiling stm32f1xx_hal_exti.c...
"NVIC\NVIC.axf" - 1 Error(s), 1 Warning(s).
Target not created.
Build Time Elapsed:  00:00:13
