*** Using Compiler 'V5.06 (build 20)', folder: 'E:\keil\ARM\ARMCC\Bin'
Build target 'Balance_car'
assembling startup_stm32f407xx.s...
compiling gpio.c...
compiling stm32f4xx_it.c...
compiling usart.c...
compiling tim.c...
compiling main.c...
compiling i2c.c...
compiling stm32f4xx_hal_msp.c...
compiling stm32f4xx_hal_i2c_ex.c...
compiling stm32f4xx_hal_flash_ramfunc.c...
compiling stm32f4xx_hal_rcc_ex.c...
compiling stm32f4xx_hal_flash_ex.c...
compiling stm32f4xx_hal_flash.c...
compiling stm32f4xx_hal_rcc.c...
compiling stm32f4xx_hal_gpio.c...
compiling stm32f4xx_hal_pwr_ex.c...
compiling stm32f4xx_hal_pwr.c...
compiling stm32f4xx_hal_cortex.c...
compiling stm32f4xx_hal_dma.c...
compiling stm32f4xx_hal_dma_ex.c...
compiling stm32f4xx_hal_i2c.c...
compiling stm32f4xx_hal.c...
compiling stm32f4xx_hal_exti.c...
compiling system_stm32f4xx.c...
compiling stm32f4xx_hal_tim_ex.c...
compiling stm32f4xx_hal_uart.c...
compiling stm32f4xx_hal_tim.c...
linking...
Program Size: Code=7298 RO-data=450 RW-data=16 ZI-data=1368  
FromELF: creating hex file...
"Balance_car\Balance_car.axf" - 0 Error(s), 0 Warning(s).
Build Time Elapsed:  00:00:04
