*** Using Compiler 'V5.06 (build 20)', folder: 'E:\keil\ARM\ARMCC\Bin'
Build target 'dj'
assembling startup_stm32f427xx.s...
compiling can.c...
../Core/Src/can.c(24): error:  #20: identifier "GM_TypeDef" is undefined
  GM_TypeDef motor_1,motor_2,motor_3,motor_4,motor_x;
../Core/Src/can.c: 0 warnings, 1 error
compiling usart.c...
compiling stm32f4xx_it.c...
compiling tim.c...
compiling main.c...
compiling pid.c...
..\Core\Src\pid.c(103): error:  #20: identifier "speed_pid_parameters1" is undefined
  	PID_Init(&speed_pid1, PID_POSITION, speed_pid_parameters1, 20000, 20000);
..\Core\Src\pid.c(104): error:  #20: identifier "speed_pid_parameters2" is undefined
  	PID_Init(&speed_pid2, PID_POSITION, speed_pid_parameters2, 20000, 20000);
..\Core\Src\pid.c(105): error:  #20: identifier "speed_pid_parameters3" is undefined
    PID_Init(&speed_pid3, PID_POSITION, speed_pid_parameters3, 20000, 20000);
..\Core\Src\pid.c(106): error:  #20: identifier "speed_pid_parameters4" is undefined
    PID_Init(&speed_pid4, PID_POSITION, speed_pid_parameters4, 20000, 20000);
..\Core\Src\pid.c(107): error:  #20: identifier "angle_pid_parametersx" is undefined
  	PID_Init(&angle_pid, PID_POSITION, angle_pid_parametersx, 200, 200);//?Ç¶È»??ä³??Ù¶??Þ·?300×ª
..\Core\Src\pid.c(108): error:  #20: identifier "speed_pid_parametersx" is undefined
    PID_Init(&speed_pid, PID_POSITION, speed_pid_parametersx, 20000, 20000);
..\Core\Src\pid.c(109): error:  #20: identifier "angle_pid_parameters_a" is undefined
  	PID_Init(&a_pid, PID_POSITION, angle_pid_parameters_a, 3000, 3000);
..\Core\Src\pid.c(113): error:  #20: identifier "Output1" is undefined
  		Output1 = PID_Calc(&speed_pid1, motor_1.Speed, rc_move.motor1);
..\Core\Src\pid.c(113): error:  #20: identifier "motor_1" is undefined
  		Output1 = PID_Calc(&speed_pid1, motor_1.Speed, rc_move.motor1);
..\Core\Src\pid.c(113): error:  #20: identifier "rc_move" is undefined
  		Output1 = PID_Calc(&speed_pid1, motor_1.Speed, rc_move.motor1);
..\Core\Src\pid.c(114): error:  #20: identifier "Output2" is undefined
  		Output2 = PID_Calc(&speed_pid2, motor_2.Speed, rc_move.motor2);
..\Core\Src\pid.c(114): error:  #20: identifier "motor_2" is undefined
  		Output2 = PID_Calc(&speed_pid2, motor_2.Speed, rc_move.motor2);
..\Core\Src\pid.c(115): error:  #20: identifier "Output3" is undefined
  		Output3 = PID_Calc(&speed_pid3, motor_3.Speed, rc_move.motor3);
..\Core\Src\pid.c(115): error:  #20: identifier "motor_3" is undefined
  		Output3 = PID_Calc(&speed_pid3, motor_3.Speed, rc_move.motor3);
..\Core\Src\pid.c(116): error:  #20: identifier "Output4" is undefined
  		Output4 = PID_Calc(&speed_pid4, motor_4.Speed, rc_move.motor4);
..\Core\Src\pid.c(116): error:  #20: identifier "motor_4" is undefined
  		Output4 = PID_Calc(&speed_pid4, motor_4.Speed, rc_move.motor4);
..\Core\Src\pid.c: 0 warnings, 16 errors
compiling gpio.c...
compiling stm32f4xx_hal_msp.c...
compiling stm32f4xx_hal_flash_ramfunc.c...
compiling stm32f4xx_hal_flash.c...
compiling stm32f4xx_hal_can.c...
compiling stm32f4xx_hal_rcc_ex.c...
compiling stm32f4xx_hal_flash_ex.c...
compiling stm32f4xx_hal_rcc.c...
compiling stm32f4xx_hal_gpio.c...
compiling stm32f4xx_hal_cortex.c...
compiling stm32f4xx_hal_pwr.c...
compiling stm32f4xx_hal.c...
compiling stm32f4xx_hal_pwr_ex.c...
compiling stm32f4xx_hal_dma.c...
compiling stm32f4xx_hal_dma_ex.c...
compiling system_stm32f4xx.c...
compiling stm32f4xx_hal_uart.c...
compiling stm32f4xx_hal_exti.c...
compiling stm32f4xx_hal_tim_ex.c...
compiling stm32f4xx_hal_tim.c...
"dj\dj.axf" - 17 Error(s), 0 Warning(s).
Target not created.
Build Time Elapsed:  00:00:51
