*** Using Compiler 'V5.06 (build 20)', folder: 'E:\keil\ARM\ARMCC\Bin'
Build target 'PJ'
assembling startup_stm32f103xe.s...
compiling gpio.c...
compiling usart.c...
compiling main.c...
../Core/Src/main.c(117): warning:  #223-D: function "OLED_DrawBMP" declared implicitly
  	OLED_DrawBMP(0,0,128,8,0);
../Core/Src/main.c: 1 warning, 0 errors
compiling stm32f1xx_it.c...
compiling i2c.c...
compiling oled.c...
compiling stm32f1xx_hal_msp.c...
compiling stm32f1xx_hal_gpio_ex.c...
compiling stm32f1xx_hal_rcc_ex.c...
compiling stm32f1xx_hal.c...
compiling stm32f1xx_hal_gpio.c...
compiling stm32f1xx_hal_rcc.c...
compiling stm32f1xx_hal_dma.c...
compiling stm32f1xx_hal_cortex.c...
compiling stm32f1xx_hal_pwr.c...
compiling stm32f1xx_hal_flash.c...
compiling stm32f1xx_hal_exti.c...
compiling stm32f1xx_hal_flash_ex.c...
compiling stm32f1xx_hal_tim.c...
compiling stm32f1xx_hal_i2c.c...
compiling stm32f1xx_hal_tim_ex.c...
compiling system_stm32f1xx.c...
compiling stm32f1xx_hal_uart.c...
linking...
Program Size: Code=6928 RO-data=7552 RW-data=108 ZI-data=1180  
FromELF: creating hex file...
"PJ\PJ.axf" - 0 Error(s), 1 Warning(s).
Build Time Elapsed:  00:00:04
